<?xml version="1.0" encoding="UTF-8"?>
<testsuite name="HelloMEITREXTest" tests="4" skipped="0" failures="4" errors="0" timestamp="2025-12-29T19:48:25.642Z" hostname="runnervmh13bl" time="0.037">
  <properties/>
  <testcase name="testAdd()" classname="HelloMEITREXTest" time="0.026">
    <failure message="org.opentest4j.AssertionFailedError: 5 + 3 should equal 8 ==&gt; expected: &lt;8&gt; but was: &lt;0&gt;" type="org.opentest4j.AssertionFailedError">org.opentest4j.AssertionFailedError: 5 + 3 should equal 8 ==&gt; expected: &lt;8&gt; but was: &lt;0&gt;
	at app//org.junit.jupiter.api.AssertionFailureBuilder.build(AssertionFailureBuilder.java:151)
	at app//org.junit.jupiter.api.AssertionFailureBuilder.buildAndThrow(AssertionFailureBuilder.java:132)
	at app//org.junit.jupiter.api.AssertEquals.failNotEqual(AssertEquals.java:197)
	at app//org.junit.jupiter.api.AssertEquals.assertEquals(AssertEquals.java:150)
	at app//org.junit.jupiter.api.Assertions.assertEquals(Assertions.java:563)
	at app//HelloMEITREXTest.testAdd(HelloMEITREXTest.java:8)
	at java.base@17.0.17/java.lang.reflect.Method.invoke(Method.java:569)
	at java.base@17.0.17/java.util.ArrayList.forEach(ArrayList.java:1511)
	at java.base@17.0.17/java.util.ArrayList.forEach(ArrayList.java:1511)
</failure>
  </testcase>
  <testcase name="testSubtract()" classname="HelloMEITREXTest" time="0.004">
    <failure message="org.opentest4j.AssertionFailedError: 5 - 3 should equal 2 ==&gt; expected: &lt;2&gt; but was: &lt;0&gt;" type="org.opentest4j.AssertionFailedError">org.opentest4j.AssertionFailedError: 5 - 3 should equal 2 ==&gt; expected: &lt;2&gt; but was: &lt;0&gt;
	at app//org.junit.jupiter.api.AssertionFailureBuilder.build(AssertionFailureBuilder.java:151)
	at app//org.junit.jupiter.api.AssertionFailureBuilder.buildAndThrow(AssertionFailureBuilder.java:132)
	at app//org.junit.jupiter.api.AssertEquals.failNotEqual(AssertEquals.java:197)
	at app//org.junit.jupiter.api.AssertEquals.assertEquals(AssertEquals.java:150)
	at app//org.junit.jupiter.api.Assertions.assertEquals(Assertions.java:563)
	at app//HelloMEITREXTest.testSubtract(HelloMEITREXTest.java:16)
	at java.base@17.0.17/java.lang.reflect.Method.invoke(Method.java:569)
	at java.base@17.0.17/java.util.ArrayList.forEach(ArrayList.java:1511)
	at java.base@17.0.17/java.util.ArrayList.forEach(ArrayList.java:1511)
</failure>
  </testcase>
  <testcase name="testFactorial()" classname="HelloMEITREXTest" time="0.004">
    <failure message="org.opentest4j.AssertionFailedError: 5! should equal 120 ==&gt; expected: &lt;120&gt; but was: &lt;0&gt;" type="org.opentest4j.AssertionFailedError">org.opentest4j.AssertionFailedError: 5! should equal 120 ==&gt; expected: &lt;120&gt; but was: &lt;0&gt;
	at app//org.junit.jupiter.api.AssertionFailureBuilder.build(AssertionFailureBuilder.java:151)
	at app//org.junit.jupiter.api.AssertionFailureBuilder.buildAndThrow(AssertionFailureBuilder.java:132)
	at app//org.junit.jupiter.api.AssertEquals.failNotEqual(AssertEquals.java:197)
	at app//org.junit.jupiter.api.AssertEquals.assertEquals(AssertEquals.java:150)
	at app//org.junit.jupiter.api.Assertions.assertEquals(Assertions.java:563)
	at app//HelloMEITREXTest.testFactorial(HelloMEITREXTest.java:32)
	at java.base@17.0.17/java.lang.reflect.Method.invoke(Method.java:569)
	at java.base@17.0.17/java.util.ArrayList.forEach(ArrayList.java:1511)
	at java.base@17.0.17/java.util.ArrayList.forEach(ArrayList.java:1511)
</failure>
  </testcase>
  <testcase name="testMultiply()" classname="HelloMEITREXTest" time="0.002">
    <failure message="org.opentest4j.AssertionFailedError: 5 * 3 should equal 15 ==&gt; expected: &lt;15&gt; but was: &lt;0&gt;" type="org.opentest4j.AssertionFailedError">org.opentest4j.AssertionFailedError: 5 * 3 should equal 15 ==&gt; expected: &lt;15&gt; but was: &lt;0&gt;
	at app//org.junit.jupiter.api.AssertionFailureBuilder.build(AssertionFailureBuilder.java:151)
	at app//org.junit.jupiter.api.AssertionFailureBuilder.buildAndThrow(AssertionFailureBuilder.java:132)
	at app//org.junit.jupiter.api.AssertEquals.failNotEqual(AssertEquals.java:197)
	at app//org.junit.jupiter.api.AssertEquals.assertEquals(AssertEquals.java:150)
	at app//org.junit.jupiter.api.Assertions.assertEquals(Assertions.java:563)
	at app//HelloMEITREXTest.testMultiply(HelloMEITREXTest.java:24)
	at java.base@17.0.17/java.lang.reflect.Method.invoke(Method.java:569)
	at java.base@17.0.17/java.util.ArrayList.forEach(ArrayList.java:1511)
	at java.base@17.0.17/java.util.ArrayList.forEach(ArrayList.java:1511)
</failure>
  </testcase>
  <system-out><![CDATA[]]></system-out>
  <system-err><![CDATA[]]></system-err>
</testsuite>
